2024-02-03 16:03:27,640 - functions - INFO -
Model pipeline:
Pipeline(steps=[('preprocessor',
                 ColumnTransformer(transformers=[('num', StandardScaler(),
                                                  ['Age', 'G', 'GS', 'MP', 'FG',
                                                   'FGA', '3P', '3PA', '2P',
                                                   '2PA', 'FT', 'FTA', 'ORB',
                                                   'DRB', 'TRB', 'AST', 'STL',
                                                   'BLK', 'TOV', 'PF']),
                                                 ('cat',
                                                  OneHotEncoder(handle_unknown='ignore'),
                                                  ['Pos', 'Tm'])])),
                ('classifier', RandomForestClassifier())])
2024-02-03 16:03:27,657 - functions - INFO -
Model accuracy: 0.9927007299270073
2024-02-03 16:03:27,657 - functions - INFO -
Confusion matrix:
[[130   0]
 [  1   6]]
2024-02-03 16:03:27,898 - functions - INFO -
Cross-validation scores: [0.98181818 1.         0.94495413 0.94495413 0.97247706]
2024-02-03 16:03:27,898 - functions - INFO -
Mean cross-validation score: 0.9688407005838199
